TPU start operation!
MASK SETTING...
MASK_A_ROWS SET TO : 32'hffffffff
MASK_A_COLS SET TO : 32'hffffffff
MASK_B_ROWS SET TO : 32'hffffffff
MASK_B_COLS SET TO : 32'hffffffff
MASK SETTING DONE
MAT ADDRESS SETTING...
MATRIX A MAT ADDRESS STRIDE SET TO 32'h00000001
MATRIX B MAT ADDRESS STRIDE SET TO 32'h00000001
MATRIX C MAT ADDRESS STRIDE SET TO 32'h00000021
MAT ADDRESS SETTING DONE
ADDRESS STRIDE SETTING...
MATRIX A ADDRESS STRIDE SET TO 32'h00000001
MATRIX B ADDRESS STRIDE SET TO 32'h00000001
MATRIX C ADDRESS STRIDE SET TO 32'h00000001
ADDRESS STRIDE SETTING DONE
loading matrix A from matrixA.txt
  0  11  16   7   4   0  11   9  12  15  16  10   0   7   8   0 
  5   4  17   7   9   1   8   2   1  18   4  16   9   8   2   7 
  7   1   1  10  20   0   1  15  20  14   6  15   8   3  15  12 
  7   9   2  15  16  19  13   7  11  17  17   5   2  16   3  17 
 16   4  11   6   7   4  18   5  13   2  14   2  11  11  17   9 
 15  12  18   8   0   9  10  15  19   5   9   5   7   4  13   6 
 18  14   6   1  11  13   3   6  13  17   0  16  11   1   0  12 
 15  16  15  15  18  20   6   8  11   7  14  14   9   4  16  19 
 12   9   2   3  12  18  16  16  12  20   8   3   5  17  16  15 
  3   6   3  13  12  15   5   6   6  18   0   5   5   9  11   5 
 11  17   3   4   4   9   5  16   8  17  19  10   8  16   1  12 
 17   2  13  19  10  10  19   0  17   8   2  12  12  20  17  14 
  5  12  13  15   7  17   6   5   9   2  18  19   8   7   4   0 
 19   8   7   8   5  16   8   3  10   7  17   2   9   9  20   9 
  0   2   5   9  19  11  15   1  16  19   5   8  12   1  18  18 
 10   0   7   8   7  20   6   0  18  18  18  15   0  14   8   1 
Loading matrix B from matrixB.txt
 19   5  18  16   1   9   6  13  10  19   6   8  19  20   3  18 
 13   0  17  18  19  18   1  14   9   5  13   5  19   5   0   9 
  0  16  16  15   1  13  15   9  19   5  15   3  16   0  14  14 
  8   3  14   8  15  20  16   0   4  12   1  19  17  14   5   9 
 15  20   6  11   9   8  20   6   6  10   3   8  14  18   3   7 
  7  17  15  13  13   1   8  16  10  19  12  19  10   4  12  14 
 10   7  14   0   7  17  16   4  16  15   1   7   3  13   2   3 
 19   6  16  10   6  19  12  20  10   8   6  15   0  10  15  13 
  1   1   7   5  20  19   0   7  11  19  10  10  12   8   3  20 
 14   9  10  15   7  16  19  11  12  14  10  13   8   3   9   7 
  3   4   6   0  10   9   2  17   9   8   1   2  12  11   2  16 
 10   2   0   8   9   0  18   0  14   7   7   4  16  13   6   9 
 17  12  20   9  13  14  10  13  15  18  20   5  18  16  18   5 
  7  18  15   7  18  16   6  15  13   0  13  15  17  20  18   1 
 20  20   9  20   7   5  20  13   4   8   7   5   9  19  15  18 
 17  19  13   9  14   0  16  14   6  11   5  18   6   1   7  17 
DATA READING TO MATRIX A AND B ...
DATA READING TO MATRIX A AND B done
Matrix c stride set to 00000001
Matrix A mean value set to  00000008
Var value set to  00000002
Pooling size set to  00000002
ACTIVATION function set to  00000001

==== Output Matrix C ====
 84  84  84  84  84  84  84  84   0   0   0   0   0   0   0   0 
 84  84  84  84  84  84  84  84   0   0   0   0   0   0   0   0 
 84  84  84  84  84  84  84  84   0   0   0   0   0   0   0   0 
 84  84  84  84  84  84  84  84   0   0   0   0   0   0   0   0 
 84  84  84  84  84  84  84  84   0   0   0   0   0   0   0   0 
 84  84  84  84  84  84  84  84   0   0   0   0   0   0   0   0 
 84  84  84  84  84  84  84  84   0   0   0   0   0   0   0   0 
 84  84  84  84  84  84  84  84   0   0   0   0   0   0   0   0 
 84  84  84  84  84  84  84  84   0   0   0   0   0   0   0   0 
 84  84  84  84  84  84  84  84   0   0   0   0   0   0   0   0 
 84  84  84  84  84  84  84  84   0   0   0   0   0   0   0   0 
 84  84  84  84  84  84  84  84   0   0   0   0   0   0   0   0 
 99  99  99  99  99  99  99  99   0   0   0   0   0   0   0   0 
 99  99  99  99  99  99  99  99   0   0   0   0   0   0   0   0 
 99  99  99  99  99  99  99  99   0   0   0   0   0   0   0   0 
 99  99  99  99  99  99  99  99   0   0   0   0   0   0   0   0 
